{"content_length":144,"level":"http","message":"incoming-request","method":"GET","response_time":2.986,"service":"user-service","status":404,"timestamp":"2023-03-10 10:29:46.008 PM","url":"/items?pageNumber=1&pageSize=10"}
{"content_length":"23","level":"http","message":"incoming-request","method":"GET","response_time":138.751,"service":"user-service","status":200,"timestamp":"2023-03-10 10:29:54.331 PM","url":"/api/item?pageNumber=1&pageSize=10"}
{"content_length":"42329","level":"http","message":"incoming-request","method":"GET","response_time":469.828,"service":"user-service","status":200,"timestamp":"2023-03-10 10:31:08.652 PM","url":"/api/item?pageNumber=1&pageSize=10"}
{"content_length":"8175","level":"http","message":"incoming-request","method":"GET","response_time":164.622,"service":"user-service","status":200,"timestamp":"2023-03-14 04:10:49.792 PM","url":"/api/item?pageNumber=2&pageSize=20"}
{"content_length":"42329","level":"http","message":"incoming-request","method":"GET","response_time":445.34,"service":"user-service","status":200,"timestamp":"2023-03-14 04:11:16.949 PM","url":"/api/item"}
{"content_length":"8173","level":"http","message":"incoming-request","method":"GET","response_time":142.93,"service":"user-service","status":200,"timestamp":"2023-03-14 04:12:53.514 PM","url":"/api/item?pageNumber=2"}
{"content_length":"10600","level":"http","message":"incoming-request","method":"GET","response_time":133.681,"service":"user-service","status":200,"timestamp":"2023-03-14 04:13:02.089 PM","url":"/api/item?pageSize=25"}
{"content_length":"10228","level":"http","message":"incoming-request","method":"GET","response_time":130.88,"service":"user-service","status":200,"timestamp":"2023-03-14 04:13:22.427 PM","url":"/api/item?pageNumber=2&pageSize=25"}
{"content_length":"4316","level":"http","message":"incoming-request","method":"GET","response_time":128.362,"service":"user-service","status":200,"timestamp":"2023-03-14 04:14:20.581 PM","url":"/api/item?pageNumber=1&pageSize=10"}
{"content_length":"2179","level":"http","message":"incoming-request","method":"GET","response_time":125.661,"service":"user-service","status":200,"timestamp":"2023-03-14 04:14:24.276 PM","url":"/api/item?pageNumber=1&pageSize=5"}
{"content_length":"2189","level":"http","message":"incoming-request","method":"GET","response_time":125.618,"service":"user-service","status":200,"timestamp":"2023-03-14 04:14:52.016 PM","url":"/api/item?pageNumber=2&pageSize=5"}
{"content_length":"50","level":"http","message":"incoming-request","method":"POST","response_time":623.381,"service":"user-service","status":200,"timestamp":"2023-03-14 04:20:51.323 PM","url":"/api/user/login"}
{"content_length":"3647","level":"http","message":"incoming-request","method":"GET","response_time":137.576,"service":"user-service","status":200,"timestamp":"2023-03-14 04:20:57.622 PM","url":"/api/user"}
{"content_length":"79","level":"http","message":"incoming-request","method":"GET","response_time":4.006,"service":"user-service","status":400,"timestamp":"2023-03-14 04:21:33.306 PM","url":"/api/user?pageNumber=2&pageSize=5"}
{"content_length":"1715","level":"http","message":"incoming-request","method":"GET","response_time":164.712,"service":"user-service","status":200,"timestamp":"2023-03-14 04:22:21.616 PM","url":"/api/user?pageNumber=2&pageSize=5"}
{"content_length":"1715","level":"http","message":"incoming-request","method":"GET","response_time":148.434,"service":"user-service","status":200,"timestamp":"2023-03-14 04:22:45.533 PM","url":"/api/user?pageNumber=2&pageSize=5&skip=3"}
{"content_length":"23","level":"http","message":"incoming-request","method":"GET","response_time":146.582,"service":"user-service","status":200,"timestamp":"2023-03-14 04:22:51.702 PM","url":"/api/user?pageNumber=2&skip=3"}
{"content_length":"2749","level":"http","message":"incoming-request","method":"GET","response_time":147.534,"service":"user-service","status":200,"timestamp":"2023-03-14 04:22:57.487 PM","url":"/api/user?pageNumber=1&skip=3"}
{"content_length":"2749","level":"http","message":"incoming-request","method":"GET","response_time":145.824,"service":"user-service","status":200,"timestamp":"2023-03-14 04:23:58.280 PM","url":"/api/user?pageNumber=1&skip=3"}
{"content_length":"3678","level":"http","message":"incoming-request","method":"GET","response_time":152.798,"service":"user-service","status":200,"timestamp":"2023-03-14 04:24:02.392 PM","url":"/api/user?pageNumber=1"}
{"content_length":"2749","level":"http","message":"incoming-request","method":"GET","response_time":144.972,"service":"user-service","status":200,"timestamp":"2023-03-14 04:24:05.435 PM","url":"/api/user?pageNumber=1&skip=3"}
{"content_length":"1715","level":"http","message":"incoming-request","method":"GET","response_time":145.7,"service":"user-service","status":200,"timestamp":"2023-03-14 04:24:08.660 PM","url":"/api/user?pageNumber=1&pageSize=5&skip=3"}
{"content_length":"1715","level":"http","message":"incoming-request","method":"GET","response_time":163.661,"service":"user-service","status":200,"timestamp":"2023-03-14 04:28:52.617 PM","url":"/api/user?pageNumber=1&pageSize=5&skip=3"}
{"content_length":"1715","level":"http","message":"incoming-request","method":"GET","response_time":150.318,"service":"user-service","status":200,"timestamp":"2023-03-14 04:37:37.728 PM","url":"/api/user?pageNumber=2&pageSize=5&skip=3"}
{"content_length":"1715","level":"http","message":"incoming-request","method":"GET","response_time":146.415,"service":"user-service","status":200,"timestamp":"2023-03-14 04:37:45.449 PM","url":"/api/user?pageNumber=1&pageSize=5&skip=3"}
{"content_length":"1706","level":"http","message":"incoming-request","method":"GET","response_time":156.229,"service":"user-service","status":200,"timestamp":"2023-03-14 04:42:09.702 PM","url":"/api/user?pageNumber=1&pageSize=5&skip=3"}
{"content_length":"1706","level":"http","message":"incoming-request","method":"GET","response_time":131.459,"service":"user-service","status":200,"timestamp":"2023-03-14 04:42:35.043 PM","url":"/api/user?pageNumber=1&pageSize=5&limit=2"}
{"content_length":"61","level":"http","message":"incoming-request","method":"GET","response_time":5.353,"service":"user-service","status":400,"timestamp":"2023-03-14 04:42:47.651 PM","url":"/api/user?pageNumber=1&pageSize=5&limit=2&sort=_id"}
{"content_length":"1706","level":"http","message":"incoming-request","method":"GET","response_time":129.824,"service":"user-service","status":200,"timestamp":"2023-03-14 04:42:57.878 PM","url":"/api/user?pageNumber=1&pageSize=5&limit=2&sort=account"}
{"content_length":"1608","level":"http","message":"incoming-request","method":"GET","response_time":127.883,"service":"user-service","status":200,"timestamp":"2023-03-14 04:43:16.819 PM","url":"/api/user?pageNumber=1&pageSize=5&limit=2&sort=accountType"}
{"content_length":"3647","level":"http","message":"incoming-request","method":"GET","response_time":154.663,"service":"user-service","status":200,"timestamp":"2023-03-14 05:01:35.522 PM","url":"/api/user?sort=name"}
{"content_length":"3647","level":"http","message":"incoming-request","method":"GET","response_time":132.118,"service":"user-service","status":200,"timestamp":"2023-03-14 05:01:47.924 PM","url":"/api/user?sort=-name"}
{"content_length":"3647","level":"http","message":"incoming-request","method":"GET","response_time":129.832,"service":"user-service","status":200,"timestamp":"2023-03-14 05:02:07.450 PM","url":"/api/user?sort=accountType"}
{"content_length":"3647","level":"http","message":"incoming-request","method":"GET","response_time":129.186,"service":"user-service","status":200,"timestamp":"2023-03-14 05:02:14.045 PM","url":"/api/user?sort=-accountType"}
{"content_length":"3647","level":"http","message":"incoming-request","method":"GET","response_time":136.613,"service":"user-service","status":200,"timestamp":"2023-03-14 05:02:28.506 PM","url":"/api/user?sort=accountType"}
{"content_length":"3647","level":"http","message":"incoming-request","method":"GET","response_time":128.299,"service":"user-service","status":200,"timestamp":"2023-03-14 05:02:32.131 PM","url":"/api/user?sort=accountType,name"}
{"content_length":"3647","level":"http","message":"incoming-request","method":"GET","response_time":128.854,"service":"user-service","status":200,"timestamp":"2023-03-14 05:02:39.230 PM","url":"/api/user?sort=accountType"}
{"content_length":"3647","level":"http","message":"incoming-request","method":"GET","response_time":128.921,"service":"user-service","status":200,"timestamp":"2023-03-14 05:02:51.447 PM","url":"/api/user?sort=accountType,-name"}
{"content_length":"3647","level":"http","message":"incoming-request","method":"GET","response_time":144.706,"service":"user-service","status":200,"timestamp":"2023-03-14 05:03:41.811 PM","url":"/api/user?sort=accountType,-name"}
{"content_length":"3647","level":"http","message":"incoming-request","method":"GET","response_time":166.045,"service":"user-service","status":200,"timestamp":"2023-03-14 05:04:39.569 PM","url":"/api/user?sort=accountType,-name"}
{"content_length":"3647","level":"http","message":"incoming-request","method":"GET","response_time":181.114,"service":"user-service","status":200,"timestamp":"2023-03-14 05:05:50.945 PM","url":"/api/user?sort=accountType,-birthday"}
{"content_length":"1606","level":"http","message":"incoming-request","method":"GET","response_time":164.86,"service":"user-service","status":200,"timestamp":"2023-03-14 05:36:41.305 PM","url":"/api/user?pageNumber=1&pageSize=5&sort=accountType,-birthday"}
{"content_length":159,"level":"http","message":"incoming-request","method":"GET","response_time":3.592,"service":"user-service","status":404,"timestamp":"2023-03-14 10:46:40.730 PM","url":"/api/auth/google/test"}
{"content_length":"20","level":"http","message":"incoming-request","method":"GET","response_time":4.186,"service":"user-service","status":200,"timestamp":"2023-03-14 10:47:01.102 PM","url":"/auth/google/test"}
{"content_length":"18","level":"http","message":"incoming-request","method":"GET","response_time":2.618,"service":"user-service","status":200,"timestamp":"2023-03-14 10:47:53.126 PM","url":"/auth/google/test"}
{"content_length":"28","level":"http","message":"incoming-request","method":"GET","response_time":2.849,"service":"user-service","status":200,"timestamp":"2023-03-14 10:48:51.727 PM","url":"/auth/google/test"}
{"content_length":"28","level":"http","message":"incoming-request","method":"GET","response_time":3.38,"service":"user-service","status":200,"timestamp":"2023-03-14 10:49:13.731 PM","url":"/auth/google/test"}
{"level":"error","message":"User.status is not a function User.status is not a function","service":"user-service","stack":"TypeError: User.status is not a function\n    at stats (D:\\Courses\\Code\\E-Commerce-Web\\E-commerce-api\\controller\\user.js:24:28)\n    at newFn (D:\\Courses\\Code\\E-Commerce-Web\\E-commerce-api\\node_modules\\express-async-errors\\index.js:16:20)\n    at Layer.handle [as handle_request] (D:\\Courses\\Code\\E-Commerce-Web\\E-commerce-api\\node_modules\\express\\lib\\router\\layer.js:95:5)\n    at next (D:\\Courses\\Code\\E-Commerce-Web\\E-commerce-api\\node_modules\\express\\lib\\router\\route.js:144:13)\n    at D:\\Courses\\Code\\E-Commerce-Web\\E-commerce-api\\middleware\\validateReq.js:9:3\n    at newFn (D:\\Courses\\Code\\E-Commerce-Web\\E-commerce-api\\node_modules\\express-async-errors\\index.js:16:20)\n    at Layer.handle [as handle_request] (D:\\Courses\\Code\\E-Commerce-Web\\E-commerce-api\\node_modules\\express\\lib\\router\\layer.js:95:5)\n    at next (D:\\Courses\\Code\\E-Commerce-Web\\E-commerce-api\\node_modules\\express\\lib\\router\\route.js:144:13)\n    at module.exports (D:\\Courses\\Code\\E-Commerce-Web\\E-commerce-api\\middleware\\admin.js:7:2)\n    at newFn (D:\\Courses\\Code\\E-Commerce-Web\\E-commerce-api\\node_modules\\express-async-errors\\index.js:16:20)","timestamp":"2023-03-15 04:46:10.739 PM"}
{"content_length":"35","level":"http","message":"incoming-request","method":"GET","response_time":29.4,"service":"user-service","status":500,"timestamp":"2023-03-15 04:46:10.761 PM","url":"/api/user/stats?date=2023-1-1"}
{"content_length":"2","level":"http","message":"incoming-request","method":"GET","response_time":11.344,"service":"user-service","status":200,"timestamp":"2023-03-15 04:46:36.779 PM","url":"/api/user/stats?date=2023-1-1"}
{"content_length":"2","level":"http","message":"incoming-request","method":"GET","response_time":13.89,"service":"user-service","status":200,"timestamp":"2023-03-15 04:47:20.965 PM","url":"/api/user/stats?date=2023-1-1"}
{"content_length":"2","level":"http","message":"incoming-request","method":"GET","response_time":19.625,"service":"user-service","status":200,"timestamp":"2023-03-15 04:50:03.879 PM","url":"/api/user/stats?date=2023-1-1"}
{"content_length":"2","level":"http","message":"incoming-request","method":"GET","response_time":24.601,"service":"user-service","status":200,"timestamp":"2023-03-15 04:51:41.583 PM","url":"/api/user/stats?date=2023-1-1"}
{"content_length":"2","level":"http","message":"incoming-request","method":"GET","response_time":26.06,"service":"user-service","status":200,"timestamp":"2023-03-15 04:52:52.015 PM","url":"/api/user/stats?date=2023-1-1"}
{"content_length":"2","level":"http","message":"incoming-request","method":"GET","response_time":18.405,"service":"user-service","status":200,"timestamp":"2023-03-15 04:53:43.412 PM","url":"/api/user/stats?date=2023-01-01"}
{"content_length":"2","level":"http","message":"incoming-request","method":"GET","response_time":17.102,"service":"user-service","status":200,"timestamp":"2023-03-15 04:56:59.729 PM","url":"/api/user/stats?date=2023-01-01"}
{"content_length":"2","level":"http","message":"incoming-request","method":"GET","response_time":15.829,"service":"user-service","status":200,"timestamp":"2023-03-15 04:59:35.745 PM","url":"/api/user/stats?date=2023-01-01"}
{"content_length":"13","level":"http","message":"incoming-request","method":"GET","response_time":164.095,"service":"user-service","status":200,"timestamp":"2023-03-15 05:00:46.731 PM","url":"/api/user/stats?date=2023-01-01"}
{"content_length":"13","level":"http","message":"incoming-request","method":"GET","response_time":147.663,"service":"user-service","status":200,"timestamp":"2023-03-15 05:01:27.952 PM","url":"/api/user/stats?date=2023-01-01,2023-01-04"}
{"content_length":"13","level":"http","message":"incoming-request","method":"GET","response_time":148.561,"service":"user-service","status":200,"timestamp":"2023-03-15 05:02:20.494 PM","url":"/api/user/stats?date=2023-01-01,2023-01-04"}
{"content_length":"13","level":"http","message":"incoming-request","method":"GET","response_time":145.983,"service":"user-service","status":200,"timestamp":"2023-03-15 05:03:30.416 PM","url":"/api/user/stats?date=2023-01-01,2023-01-04"}
{"content_length":"13","level":"http","message":"incoming-request","method":"GET","response_time":146.729,"service":"user-service","status":200,"timestamp":"2023-03-15 05:05:06.361 PM","url":"/api/user/stats?date=2023-01-01,2023-01-04"}
{"content_length":"13","level":"http","message":"incoming-request","method":"GET","response_time":201.266,"service":"user-service","status":200,"timestamp":"2023-03-15 05:05:39.382 PM","url":"/api/user/stats?date=2023-01-01,2023-01-04"}
{"content_length":"13","level":"http","message":"incoming-request","method":"GET","response_time":160.456,"service":"user-service","status":200,"timestamp":"2023-03-15 05:06:01.520 PM","url":"/api/user/stats?date=2023-01-01,2023-01-04"}
{"content_length":"12","level":"http","message":"incoming-request","method":"GET","response_time":145.137,"service":"user-service","status":200,"timestamp":"2023-03-15 05:06:48.677 PM","url":"/api/user/stats?date=2023-01-01,2023-01-04"}
{"content_length":"12","level":"http","message":"incoming-request","method":"GET","response_time":140.837,"service":"user-service","status":200,"timestamp":"2023-03-15 05:07:34.596 PM","url":"/api/user/stats?date=2023-01-01,2023-01-04"}
{"content_length":"13","level":"http","message":"incoming-request","method":"GET","response_time":129.481,"service":"user-service","status":200,"timestamp":"2023-03-15 05:07:40.747 PM","url":"/api/user/stats?date=2023-01-01"}
{"content_length":"13","level":"http","message":"incoming-request","method":"GET","response_time":127.265,"service":"user-service","status":200,"timestamp":"2023-03-15 05:08:10.728 PM","url":"/api/user/stats?date=2022-12-30"}
{"content_length":"12","level":"http","message":"incoming-request","method":"GET","response_time":137.484,"service":"user-service","status":200,"timestamp":"2023-03-15 05:08:30.372 PM","url":"/api/user/stats?accountType=client"}
{"content_length":"12","level":"http","message":"incoming-request","method":"GET","response_time":128.487,"service":"user-service","status":200,"timestamp":"2023-03-15 05:08:38.614 PM","url":"/api/user/stats?accountType=vendor"}
{"content_length":"12","level":"http","message":"incoming-request","method":"GET","response_time":125.93,"service":"user-service","status":200,"timestamp":"2023-03-15 05:08:46.329 PM","url":"/api/user/stats?accountType=client"}
{"content_length":"12","level":"http","message":"incoming-request","method":"GET","response_time":131.325,"service":"user-service","status":200,"timestamp":"2023-03-15 05:08:49.543 PM","url":"/api/user/stats?accountType=client&date=2022-12-30"}
{"content_length":"13","level":"http","message":"incoming-request","method":"GET","response_time":127.812,"service":"user-service","status":200,"timestamp":"2023-03-15 05:08:51.919 PM","url":"/api/user/stats?date=2022-12-30"}
{"content_length":"13","level":"http","message":"incoming-request","method":"GET","response_time":145.12,"service":"user-service","status":200,"timestamp":"2023-03-15 05:24:30.648 PM","url":"/api/user/stats?date=2022"}
{"content_length":"13","level":"http","message":"incoming-request","method":"GET","response_time":145.298,"service":"user-service","status":200,"timestamp":"2023-03-15 05:24:34.123 PM","url":"/api/user/stats?date=2023"}
{"content_length":"12","level":"http","message":"incoming-request","method":"GET","response_time":145.103,"service":"user-service","status":200,"timestamp":"2023-03-15 05:24:39.407 PM","url":"/api/user/stats?date=2023-12"}
{"content_length":"13","level":"http","message":"incoming-request","method":"GET","response_time":147.178,"service":"user-service","status":200,"timestamp":"2023-03-15 05:24:45.661 PM","url":"/api/user/stats?date=2023-3"}
{"content_length":"12","level":"http","message":"incoming-request","method":"GET","response_time":143.095,"service":"user-service","status":200,"timestamp":"2023-03-15 05:24:49.745 PM","url":"/api/user/stats?date=2023-4"}
{"content_length":"13","level":"http","message":"incoming-request","method":"GET","response_time":142.489,"service":"user-service","status":200,"timestamp":"2023-03-15 05:25:00.101 PM","url":"/api/user/stats?date=2023-3-13"}
{"content_length":"51","level":"http","message":"incoming-request","method":"POST","response_time":2142.58,"service":"user-service","status":201,"timestamp":"2023-03-15 09:03:18.994 PM","url":"/api/user/signup"}
{"content_length":"50","level":"http","message":"incoming-request","method":"POST","response_time":277.025,"service":"user-service","status":200,"timestamp":"2023-03-15 09:03:35.259 PM","url":"/api/user/login"}
{"content_length":"4024","level":"http","message":"incoming-request","method":"GET","response_time":183.942,"service":"user-service","status":200,"timestamp":"2023-03-15 09:03:44.904 PM","url":"/api/user"}
{"content_length":"4024","level":"http","message":"incoming-request","method":"GET","response_time":175.85,"service":"user-service","status":200,"timestamp":"2023-03-15 09:04:14.072 PM","url":"/api/user?sort=-_id"}
{"content_length":166,"level":"http","message":"incoming-request","method":"DELETE","response_time":5.14,"service":"user-service","status":404,"timestamp":"2023-03-15 09:04:29.223 PM","url":"/api/user/me/phoneNumbers"}
{"content_length":"15","level":"http","message":"incoming-request","method":"DELETE","response_time":301.275,"service":"user-service","status":200,"timestamp":"2023-03-15 09:04:51.638 PM","url":"/api/user/"}
{"content_length":"3647","level":"http","message":"incoming-request","method":"GET","response_time":1280.269,"service":"user-service","status":200,"timestamp":"2023-03-15 09:05:26.870 PM","url":"/api/user?sort=-_id"}
{"content_length":"51","level":"http","message":"incoming-request","method":"POST","response_time":1647.242,"service":"user-service","status":201,"timestamp":"2023-03-15 09:05:34.914 PM","url":"/api/user/signup"}
{"content_length":"50","level":"http","message":"incoming-request","method":"POST","response_time":272.335,"service":"user-service","status":200,"timestamp":"2023-03-15 09:05:38.790 PM","url":"/api/user/login"}
{"content_length":"4024","level":"http","message":"incoming-request","method":"GET","response_time":179.389,"service":"user-service","status":200,"timestamp":"2023-03-15 09:05:56.434 PM","url":"/api/user?sort=-_id"}
{"content_length":"399","level":"http","message":"incoming-request","method":"DELETE","response_time":367.558,"service":"user-service","status":200,"timestamp":"2023-03-15 09:07:54.106 PM","url":"/api/user/"}
{"content_length":"3845","level":"http","message":"incoming-request","method":"GET","response_time":161.233,"service":"user-service","status":200,"timestamp":"2023-03-15 09:20:46.049 PM","url":"/api/user?sort=-_id"}
{"content_length":"51","level":"http","message":"incoming-request","method":"POST","response_time":1502.148,"service":"user-service","status":201,"timestamp":"2023-03-15 09:21:22.697 PM","url":"/api/user/signup"}
{"content_length":"50","level":"http","message":"incoming-request","method":"POST","response_time":242.12,"service":"user-service","status":200,"timestamp":"2023-03-15 09:21:28.168 PM","url":"/api/user/login"}
{"content_length":"4240","level":"http","message":"incoming-request","method":"GET","response_time":136.662,"service":"user-service","status":200,"timestamp":"2023-03-15 09:21:30.364 PM","url":"/api/user?sort=-_id"}
{"content_length":"36","level":"http","message":"incoming-request","method":"POST","response_time":41.534,"service":"user-service","status":400,"timestamp":"2023-03-15 09:23:40.535 PM","url":"/api/user/ban"}
{"content_length":"403","level":"http","message":"incoming-request","method":"POST","response_time":186.48,"service":"user-service","status":200,"timestamp":"2023-03-15 09:23:47.120 PM","url":"/api/user/ban"}
{"content_length":"403","level":"http","message":"incoming-request","method":"POST","response_time":413.387,"service":"user-service","status":200,"timestamp":"2023-03-15 09:24:38.982 PM","url":"/api/user/ban"}
{"content_length":"403","level":"http","message":"incoming-request","method":"POST","response_time":352.563,"service":"user-service","status":200,"timestamp":"2023-03-15 09:25:19.013 PM","url":"/api/user/ban"}
{"content_length":"4240","level":"http","message":"incoming-request","method":"GET","response_time":180.76,"service":"user-service","status":200,"timestamp":"2023-03-15 09:25:56.491 PM","url":"/api/user?sort=-_id"}
{"content_length":"13","level":"http","message":"incoming-request","method":"GET","response_time":172.936,"service":"user-service","status":200,"timestamp":"2023-03-15 09:26:00.479 PM","url":"/api/user/stats?date=2023-3-13"}
